240608 01:55:02 mysqld_safe Starting mariadbd daemon with databases from ./mysql_data
2024-06-08  1:55:02 0 [Note] /nix/store/83vs3hbhf61w6azvp6jkllvsmhwhikxf-mariadb-server-10.6.10/bin/mariadbd (server 10.6.10-MariaDB) starting as process 299 ...
2024-06-08  1:55:02 0 [Warning] Could not increase number of max_open_files to more than 20971 (request: 32188)
/nix/store/83vs3hbhf61w6azvp6jkllvsmhwhikxf-mariadb-server-10.6.10/bin/mariadbd: Can't create file './mysql_data/577c7af9f57b.err' (errno: 2 "No such file or directory")
2024-06-08  1:55:02 0 [Note] InnoDB: Compressed tables use zlib 1.2.13
2024-06-08  1:55:02 0 [Note] InnoDB: Number of pools: 1
2024-06-08  1:55:02 0 [Note] InnoDB: Using crc32 + pclmulqdq instructions
2024-06-08  1:55:02 0 [Note] InnoDB: Using liburing
2024-06-08  1:55:02 0 [Note] InnoDB: Initializing buffer pool, total size = 134217728, chunk size = 134217728
2024-06-08  1:55:02 0 [Note] InnoDB: Completed initialization of buffer pool
2024-06-08  1:55:02 0 [Note] InnoDB: Starting crash recovery from checkpoint LSN=1685671,1685671
2024-06-08  1:55:03 0 [Note] InnoDB: Starting final batch to recover 5 pages from redo log.
2024-06-08  1:55:03 0 [Note] InnoDB: 128 rollback segments are active.
2024-06-08  1:55:03 0 [Note] InnoDB: Removed temporary tablespace data file: "./ibtmp1"
2024-06-08  1:55:03 0 [Note] InnoDB: Creating shared tablespace for temporary tables
2024-06-08  1:55:03 0 [Note] InnoDB: Setting file './ibtmp1' size to 12 MB. Physically writing the file full; Please wait ...
2024-06-08  1:55:03 0 [Note] InnoDB: File './ibtmp1' size is now 12 MB.
2024-06-08  1:55:03 0 [Note] InnoDB: 10.6.10 started; log sequence number 1696139; transaction id 2744
2024-06-08  1:55:03 0 [Note] InnoDB: Loading buffer pool(s) from /home/runner/Open-Journal-Systems/mysql_data/ib_buffer_pool
2024-06-08  1:55:03 0 [Note] Plugin 'FEEDBACK' is disabled.
2024-06-08  1:55:03 0 [Note] Server socket created on IP: '0.0.0.0'.
2024-06-08  1:55:03 0 [Note] Server socket created on IP: '::'.
2024-06-08  1:55:03 0 [Note] /nix/store/83vs3hbhf61w6azvp6jkllvsmhwhikxf-mariadb-server-10.6.10/bin/mariadbd: ready for connections.
Version: '10.6.10-MariaDB'  socket: '/run/mysqld/mysqld.sock'  port: 3306  MariaDB Server
2024-06-08  1:55:03 0 [Note] InnoDB: Buffer pool(s) load completed at 240608  1:55:03
2024-06-08  2:01:12 8 [Warning] Aborted connection 8 to db: 'unconnected' user: 'unauthenticated' host: '577c7af9f57b' (This connection closed normally without authentication)
2024-06-08  2:01:12 9 [Warning] Aborted connection 9 to db: 'unconnected' user: 'unauthenticated' host: '577c7af9f57b' (This connection closed normally without authentication)
2024-06-08  2:01:12 10 [Warning] Aborted connection 10 to db: 'unconnected' user: 'unauthenticated' host: '577c7af9f57b' (This connection closed normally without authentication)
2024-06-08  2:01:12 11 [Warning] Aborted connection 11 to db: 'unconnected' user: 'unauthenticated' host: '577c7af9f57b' (This connection closed normally without authentication)
2024-06-08  2:01:12 12 [Warning] Aborted connection 12 to db: 'unconnected' user: 'unauthenticated' host: '577c7af9f57b' (This connection closed normally without authentication)
2024-06-08  2:01:12 13 [Warning] Aborted connection 13 to db: 'unconnected' user: 'unauthenticated' host: '577c7af9f57b' (This connection closed normally without authentication)
2024-06-08  2:01:12 14 [Warning] Aborted connection 14 to db: 'unconnected' user: 'unauthenticated' host: '577c7af9f57b' (This connection closed normally without authentication)
2024-06-08  2:01:12 15 [Warning] Aborted connection 15 to db: 'unconnected' user: 'unauthenticated' host: '577c7af9f57b' (This connection closed normally without authentication)
2024-06-08  2:02:25 18 [Warning] Aborted connection 18 to db: 'unconnected' user: 'unauthenticated' host: '577c7af9f57b' (This connection closed normally without authentication)
2024-06-08  2:02:25 19 [Warning] Aborted connection 19 to db: 'unconnected' user: 'unauthenticated' host: '577c7af9f57b' (This connection closed normally without authentication)
2024-06-08  2:02:25 20 [Warning] Aborted connection 20 to db: 'unconnected'