240608 10:53:48 mysqld_safe Starting mariadbd daemon with databases from /home/runner/Open-Journal-Systems/mysql_data
2024-06-08 10:53:48 0 [Note] /nix/store/83vs3hbhf61w6azvp6jkllvsmhwhikxf-mariadb-server-10.6.10/bin/mariadbd (server 10.6.10-MariaDB) starting as process 532 ...
2024-06-08 10:53:48 0 [Warning] Could not increase number of max_open_files to more than 20971 (request: 32188)
2024-06-08 10:53:48 0 [Note] InnoDB: Compressed tables use zlib 1.2.13
2024-06-08 10:53:48 0 [Note] InnoDB: Number of pools: 1
2024-06-08 10:53:48 0 [Note] InnoDB: Using crc32 + pclmulqdq instructions
2024-06-08 10:53:48 0 [Note] InnoDB: Using liburing
2024-06-08 10:53:48 0 [Note] InnoDB: Initializing buffer pool, total size = 134217728, chunk size = 134217728
2024-06-08 10:53:48 0 [Note] InnoDB: Completed initialization of buffer pool
2024-06-08 10:53:48 0 [Note] InnoDB: Starting crash recovery from checkpoint LSN=1685671,1685671
2024-06-08 10:53:49 0 [Note] InnoDB: Starting final batch to recover 18 pages from redo log.
2024-06-08 10:53:49 0 [Note] InnoDB: 128 rollback segments are active.
2024-06-08 10:53:49 0 [Note] InnoDB: Removed temporary tablespace data file: "./ibtmp1"
2024-06-08 10:53:49 0 [Note] InnoDB: Creating shared tablespace for temporary tables
2024-06-08 10:53:49 0 [Note] InnoDB: Setting file './ibtmp1' size to 12 MB. Physically writing the file full; Please wait ...
2024-06-08 10:53:49 0 [Note] InnoDB: File './ibtmp1' size is now 12 MB.
2024-06-08 10:53:49 0 [Note] InnoDB: 10.6.10 started; log sequence number 1935266; transaction id 3724
2024-06-08 10:53:49 0 [Note] InnoDB: Loading buffer pool(s) from /home/runner/Open-Journal-Systems/mysql_data/ib_buffer_pool
2024-06-08 10:53:49 0 [Note] Plugin 'FEEDBACK' is disabled.
2024-06-08 10:53:49 0 [Note] Server socket created on IP: '0.0.0.0'.
2024-06-08 10:53:49 0 [Note] Server socket created on IP: '::'.
2024-06-08 10:53:49 0 [Note] /nix/store/83vs3hbhf61w6azvp6jkllvsmhwhikxf-mariadb-server-10.6.10/bin/mariadbd: ready for connections.
Version: '10.6.10-MariaDB'  socket: '/run/mysqld/mysqld.sock'  port: 3306  MariaDB Server
2024-06-08 10:53:49 0 [Note] InnoDB: Buffer pool(s) load completed at 240608 10:53:49
2024-06-08 11:10:42 115 [Warning] Aborted connection 115 to db: 'unconnected' user: 'unauthenticated' host: '57a3e64c5dfa' (This connection closed normally without authentication)
2024-06-08 11:10:42 116 [Warning] Aborted connection 116 to db: 'unconnected' user: 'unauthenticated' host: '57a3e64c5dfa' (This connection closed normally without authentication)
2024-06-08 11:10:42 117 [Warning] Aborted connection 117 to db: 'unconnected' user: 'unauthenticated' host: '57a3e64c5dfa' (This connection closed normally without authentication)
2024-06-08 11:10:42 118 [Warning] Aborted connection 118 to db: 'unconnected' user: 'unauthenticated' host: '57a3e64c5dfa' (This connection closed normally without authentication)
2024-06-08 11:10:42 119 [Warning] Aborted connection 119 to db: 'unconnected' user: 'unauthenticated' host: '57a3e64c5dfa' (This connection closed normally without authentication)
2024-06-08 11:10:42 120 [Warning] Aborted connection 120 to db: 'unconnected' user: 'unauthenticated' host: '57a3e64c5dfa' (This connection closed normally without authentication)
2024-06-08 11:10:42 121 [Warning] Aborted connection 121 to db: 'unconnected' user: 'unauthenticated' host: '57a3e64c5dfa' (This connection closed normally without authentication)
2024-06-08 11:10:42 122 [Warning] Aborted connection 122 to db: 'unconnected' user: 'unauthenticated' host: '57a3e64c5dfa' (This connection closed normally without authentication)
2024-06-08 11:10:46 123 [Warning] Aborted connection 123 to db: 'unconnected' user: 'unauthenticated' host: '57a3e64c5dfa' (This connection closed normally without authentication)
2024-06-08 11:10:46 124 [Warning] Aborted connection 124 to db: 'unconnected' user: 'unauthenticated' host: '57a3e64c5dfa' (This connection closed normally without authentication)
2024-06-08 11:10:46 125 [Warning] Aborted connection 125 to db: 'unconnected' user: 'unauthenticated' host: '57a3e64c5dfa' (This connection closed normally without authentication)
2024-06-08 11:10:46 126 [Warning] Aborted connection 126 to db: 'unconnected' user: 'unauthenticated' host: '57a3e64c5dfa' (This connection closed normally without authentication)
2024-06-08 11:10:46 127 [Warning] Aborted connection 127 to db: 'unconnected' user: 'unauthenticated' host: '57a3e64c5dfa' (This connection closed normally without authentication)
2024-06-08 11:10:46 128 [Warning] Aborted connection 128 to db: 'unconnected' user: 'unauthenticated' host: '57a3e64c5dfa' (This connection closed normally without authentication)
2024-06-08 11:10:46 129 [Warning] Aborted connection 129 to db: 'unconnected' user: 'unauthenticated' host: '57a3e64c5dfa' (This connection closed normally without authentication)
2024-06-08 11:10:46 130 [Warning] Aborted connection 130 to db: 'unconnected' user: 'unauthenticated' host: '57a3e64c5dfa' (This connection closed normally without authentication)
