240608 03:54:36 mysqld_safe Starting mariadbd daemon with databases from /home/runner/Open-Journal-Systems/mysql_data
2024-06-08  3:54:36 0 [Note] /nix/store/83vs3hbhf61w6azvp6jkllvsmhwhikxf-mariadb-server-10.6.10/bin/mariadbd (server 10.6.10-MariaDB) starting as process 221 ...
2024-06-08  3:54:36 0 [Warning] Could not increase number of max_open_files to more than 20971 (request: 32188)
2024-06-08  3:54:36 0 [Note] InnoDB: Compressed tables use zlib 1.2.13
2024-06-08  3:54:36 0 [Note] InnoDB: Number of pools: 1
2024-06-08  3:54:36 0 [Note] InnoDB: Using crc32 + pclmulqdq instructions
2024-06-08  3:54:36 0 [Note] InnoDB: Using liburing
2024-06-08  3:54:36 0 [Note] InnoDB: Initializing buffer pool, total size = 134217728, chunk size = 134217728
2024-06-08  3:54:36 0 [Note] InnoDB: Completed initialization of buffer pool
2024-06-08  3:54:36 0 [Note] InnoDB: Starting crash recovery from checkpoint LSN=1685671,1685671
2024-06-08  3:54:37 0 [Note] InnoDB: Starting final batch to recover 17 pages from redo log.
2024-06-08  3:54:37 0 [Note] InnoDB: 128 rollback segments are active.
2024-06-08  3:54:37 0 [Note] InnoDB: Removed temporary tablespace data file: "./ibtmp1"
2024-06-08  3:54:37 0 [Note] InnoDB: Creating shared tablespace for temporary tables
2024-06-08  3:54:37 0 [Note] InnoDB: Setting file './ibtmp1' size to 12 MB. Physically writing the file full; Please wait ...
2024-06-08  3:54:37 0 [Note] InnoDB: File './ibtmp1' size is now 12 MB.
2024-06-08  3:54:37 0 [Note] InnoDB: 10.6.10 started; log sequence number 1891149; transaction id 3527
2024-06-08  3:54:37 0 [Note] InnoDB: Loading buffer pool(s) from /home/runner/Open-Journal-Systems/mysql_data/ib_buffer_pool
2024-06-08  3:54:37 0 [Note] Plugin 'FEEDBACK' is disabled.
2024-06-08  3:54:37 0 [Note] Server socket created on IP: '0.0.0.0'.
2024-06-08  3:54:37 0 [Note] Server socket created on IP: '::'.
2024-06-08  3:54:37 0 [Note] /nix/store/83vs3hbhf61w6azvp6jkllvsmhwhikxf-mariadb-server-10.6.10/bin/mariadbd: ready for connections.
Version: '10.6.10-MariaDB'  socket: '/run/mysqld/mysqld.sock'  port: 3306  MariaDB Server
2024-06-08  3:54:37 0 [Note] InnoDB: Buffer pool(s) load completed at 240608  3:54:37
2024-06-08  3:54:38 3 [Warning] Aborted connection 3 to db: 'unconnected' user: 'unauthenticated' host: '8a6efe7e384e' (This connection closed normally without authentication)
2024-06-08  3:54:38 4 [Warning] Aborted connection 4 to db: 'unconnected' user: 'unauthenticated' host: '8a6efe7e384e' (This connection closed normally without authentication)
2024-06-08  3:54:38 5 [Warning] Aborted connection 5 to db: 'unconnected' user: 'unauthenticated' host: '8a6efe7e384e' (This connection closed normally without authentication)
2024-06-08  3:54:38 6 [Warning] Aborted connection 6 to db: 'unconnected' user: 'unauthenticated' host: '8a6efe7e384e' (This connection closed normally without authentication)
2024-06-08  3:54:38 7 [Warning] Aborted connection 7 to db: 'unconnected' user: 'unauthenticated' host: '8a6efe7e384e' (This connection closed normally without authentication)
2024-06-08  3:54:38 8 [Warning] Aborted connection 8 to db: 'unconnected' user: 'unauthenticated' host: '8a6efe7e384e' (This connection closed normally without authentication)
2024-06-08  3:54:38 9 [Warning] Aborted connection 9 to db: 'unconnected' user: 'unauthenticated' host: '8a6efe7e384e' (This connection closed normally without authentication)
2024-06-08  3:54:38 10 [Warning] Aborted connection 10 to db: 'unconnected' user: 'unauthenticated' host: '8a6efe7e384e' (This connection closed normally without authentication)
2024-06-08  3:54:53 11 [Warning] Aborted connection 11 to db: 'unconnected' user: 'unauthenticated' host: '8a6efe7e384e' (This connection closed normally without authentication)
2024-06-08  3:54:53 12 [Warning] Aborted connection 12 to db: 'unconnected' user: 'unauthenticated' host: '8a6efe7e384e' (This connection closed normally without authentication)
2024-06-08  3:54:53 13 [Warning] Aborted connection 13 to db: 'unconnected' user: 'unauthenticated' host: '8a6efe7e384e' (This connection closed normally without authentication)
2024-06-08  3:54:53 14 [Warning] Aborted connection 14 to db: 'unconnected' user: 'unauthenticated' host: '8a6efe7e384e' (This connection closed normally without authentication)
2024-06-08  3:54:53 15 [Warning] Aborted connection 15 to db: 'unconnected' user: 'unauthenticated' host: '8a6efe7e384e' (This connection closed normally without authentication)
2024-06-08  3:54:53 16 [Warning] Aborted connection 16 to db: 'unconnected' user: 'unauthenticated' host: '8a6efe7e384e' (This connection closed normally without authentication)
2024-06-08  3:54:53 17 [Warning] Aborted connection 17 to db: 'unconnected' user: 'unauthenticated' host: '8a6efe7e384e' (This connection closed normally without authentication)
2024-06-08  3:54:53 18 [Warning] Aborted connection 18 to db: 'unconnected' user: 'unauthenticated' host: '8a6efe7e384e' (This connection closed normally without authentication)
2024-06-08  3:55:12 20 [Warning] Aborted connection 20 to db: 'unconnected' user: 'unauthenticated' host: '8a6efe7e384e' (This connection closed normally without authentication)
2024-06-08  3:55:12 21 [Warning] Aborted connection 21 to db: 'unconnected' user: 'unauthenticated' host: '8a6efe7e384e' (This connection closed normally without authentication)
2024-06-08  3:55:12 22 [Warning] Aborted connection 22 to db: 'unconnected' user: 'unauthenticated' host: '8a6efe7e384e' (This connection closed normally without authentication)
2024-06-08  3:55:12 23 [Warning] Aborted connection 23 to db: 'unconnected' user: 'unauthenticated' host: '8a6efe7e384e' (This connection closed normally without authentication)
2024-06-08  3:55:12 24 [Warning] Aborted connection 24 to db: 'unconnected' user: 'unauthenticated' host: '8a6efe7e384e' (This connection closed normally without authentication)
2024-06-08  3:55:12 25 [Warning] Aborted connection 25 to db: 'unconnected' user: 'unauthenticated' host: '8a6efe7e384e' (This connection closed normally without authentication)
2024-06-08  3:55:12 26 [Warning] Aborted connection 26 to db: 'unconnected' user: 'unauthenticated' host: '8a6efe7e384e' (This connection closed normally without authentication)
2024-06-08  3:55:12 27 [Warning] Aborted connection 27 to db: 'unconnected' user: 'unauthenticated' host: '8a6efe7e384e' (This connection closed normally without authentication)
