240608 01:38:30 mysqld_safe Starting mariadbd daemon with databases from ./mysql_data
240608 01:39:55 mysqld_safe Starting mariadbd daemon with databases from ./mysql_data
2024-06-08  1:39:55 0 [Note] /nix/store/83vs3hbhf61w6azvp6jkllvsmhwhikxf-mariadb-server-10.6.10/bin/mariadbd (server 10.6.10-MariaDB) starting as process 529 ...
2024-06-08  1:39:55 0 [Warning] Could not increase number of max_open_files to more than 20971 (request: 32188)
/nix/store/83vs3hbhf61w6azvp6jkllvsmhwhikxf-mariadb-server-10.6.10/bin/mariadbd: Can't create file './mysql_data/b6c47bb8c78a.err' (errno: 2 "No such file or directory")
2024-06-08  1:39:55 0 [Note] InnoDB: Compressed tables use zlib 1.2.13
2024-06-08  1:39:55 0 [Note] InnoDB: Number of pools: 1
2024-06-08  1:39:55 0 [Note] InnoDB: Using crc32 + pclmulqdq instructions
2024-06-08  1:39:55 0 [Note] InnoDB: Using liburing
2024-06-08  1:39:55 0 [Note] InnoDB: Initializing buffer pool, total size = 134217728, chunk size = 134217728
2024-06-08  1:39:55 0 [Note] InnoDB: Completed initialization of buffer pool
2024-06-08  1:39:55 0 [Note] InnoDB: Starting crash recovery from checkpoint LSN=1684502,1684502
2024-06-08  1:39:55 0 [Note] InnoDB: Starting final batch to recover 2 pages from redo log.
2024-06-08  1:39:55 0 [Note] InnoDB: 128 rollback segments are active.
2024-06-08  1:39:55 0 [Note] InnoDB: Removed temporary tablespace data file: "./ibtmp1"
2024-06-08  1:39:55 0 [Note] InnoDB: Creating shared tablespace for temporary tables
2024-06-08  1:39:55 0 [Note] InnoDB: Setting file './ibtmp1' size to 12 MB. Physically writing the file full; Please wait ...
2024-06-08  1:39:55 0 [Note] InnoDB: File './ibtmp1' size is now 12 MB.
2024-06-08  1:39:55 0 [Note] InnoDB: 10.6.10 started; log sequence number 1685069; transaction id 2704
2024-06-08  1:39:55 0 [Note] InnoDB: Loading buffer pool(s) from /home/runner/Open-Journal-Systems/mysql_data/ib_buffer_pool
2024-06-08  1:39:55 0 [Note] Plugin 'FEEDBACK' is disabled.
2024-06-08  1:39:55 0 [Note] Server socket created on IP: '0.0.0.0'.
2024-06-08  1:39:55 0 [Note] Server socket created on IP: '::'.
2024-06-08  1:39:55 0 [Note] /nix/store/83vs3hbhf61w6azvp6jkllvsmhwhikxf-mariadb-server-10.6.10/bin/mariadbd: ready for connections.
Version: '10.6.10-MariaDB'  socket: '/run/mysqld/mysqld.sock'  port: 3306  MariaDB Server
2024-06-08  1:39:56 0 [Note] InnoDB: Buffer pool(s) load completed at 240608  1:39:56
2024-06-08  1:39:56 3 [Warning] Aborted connection 3 to db: 'unconnected' user: 'unauthenticated' host: 'b6c47bb8c78a' (This connection closed normally without authentication)
2024-06-08  1:39:56 4 [Warning] Aborted connection 4 to db: 'unconnected' user: 'unauthenticated' host: 'b6c47bb8c78a' (This connection closed normally without authentication)
2024-06-08  1:39:56 5 [Warning] Aborted connection 5 to db: 'unconnected' user: 'unauthenticated' host: 'b6c47bb8c78a' (This connection closed normally without authentication)
2024-06-08  1:39:56 6 [Warning] Aborted connection 6 to db: 'unconnected' user: 'unauthenticated' host: 'b6c47bb8c78a' (This connection closed normally without authentication)
2024-06-08  1:39:56 7 [Warning] Aborted connection 7 to db: 'unconnected' user: 'unauthenticated' host: 'b6c47bb8c78a' (This connection closed normally without authentication)
2024-06-08  1:39:56 8 [Warning] Aborted connection 8 to db: 'unconnected' user: 'unauthenticated' host: 'b6c47bb8c78a' (This connection closed normally without authentication)
2024-06-08  1:39:56 9 [Warning] Aborted connection 9 to db: 'unconnected' user: 'unauthenticated' host: 'b6c47bb8c78a' (This connection closed normally without authentication)
2024-06-08  1:39:56 10 [Warning] Aborted connection 10 to db: 'unconnected' user: 'unauthenticated' host: 'b6c47bb8c78a' (This connection closed normally without authentication)
2024-06-08  1:40:23 12 [Warning] Aborted connection 12 to db: 'unconnected' user: 'unauthenticated' host: 'b6c47bb8c78a' (This connection closed normally without authentication)
2024-06-08  1:40:23 13 [Warning] Aborted connection 13 to db: 'unconnected' user: 'unauthenticated' host: 'b6c47bb8c78a' (This connection closed normally without authentication)
2024-06-08  1:40:23 14 [Warning] Aborted connection 14 to db: 'unconnected' user: 'un