240608 11:16:06 mysqld_safe Starting mariadbd daemon with databases from /home/runner/Open-Journal-Systems/mysql_data
2024-06-08 11:16:07 0 [Note] /nix/store/83vs3hbhf61w6azvp6jkllvsmhwhikxf-mariadb-server-10.6.10/bin/mariadbd (server 10.6.10-MariaDB) starting as process 463 ...
2024-06-08 11:16:07 0 [Warning] Could not increase number of max_open_files to more than 20971 (request: 32188)
2024-06-08 11:16:07 0 [Note] InnoDB: Compressed tables use zlib 1.2.13
2024-06-08 11:16:07 0 [Note] InnoDB: Number of pools: 1
2024-06-08 11:16:07 0 [Note] InnoDB: Using crc32 + pclmulqdq instructions
2024-06-08 11:16:07 0 [Note] InnoDB: Using liburing
2024-06-08 11:16:07 0 [Note] InnoDB: Initializing buffer pool, total size = 134217728, chunk size = 134217728
2024-06-08 11:16:07 0 [Note] InnoDB: Completed initialization of buffer pool
2024-06-08 11:16:07 0 [Note] InnoDB: Starting crash recovery from checkpoint LSN=1685671,1685671
2024-06-08 11:16:07 0 [Note] InnoDB: Starting final batch to recover 74 pages from redo log.
2024-06-08 11:16:07 0 [Note] InnoDB: 128 rollback segments are active.
2024-06-08 11:16:07 0 [Note] InnoDB: Removed temporary tablespace data file: "./ibtmp1"
2024-06-08 11:16:07 0 [Note] InnoDB: Creating shared tablespace for temporary tables
2024-06-08 11:16:07 0 [Note] InnoDB: Setting file './ibtmp1' size to 12 MB. Physically writing the file full; Please wait ...
2024-06-08 11:16:07 0 [Note] InnoDB: File './ibtmp1' size is now 12 MB.
2024-06-08 11:16:07 0 [Note] InnoDB: 10.6.10 started; log sequence number 2466030; transaction id 7491
2024-06-08 11:16:07 0 [Note] Plugin 'FEEDBACK' is disabled.
2024-06-08 11:16:07 0 [Note] InnoDB: Loading buffer pool(s) from /home/runner/Open-Journal-Systems/mysql_data/ib_buffer_pool
2024-06-08 11:16:07 0 [Note] Server socket created on IP: '0.0.0.0'.
2024-06-08 11:16:07 0 [Note] Server socket created on IP: '::'.
2024-06-08 11:16:07 0 [Note] /nix/store/83vs3hbhf61w6azvp6jkllvsmhwhikxf-mariadb-server-10.6.10/bin/mariadbd: ready for connections.
Version: '10.6.10-MariaDB'  socket: '/run/mysqld/mysqld.sock'  port: 3306  MariaDB Server
2024-06-08 11:16:07 0 [Note] InnoDB: Buffer pool(s) load completed at 240608 11:16:07
2024-06-08 11:16:09 3 [Warning] Aborted connection 3 to db: 'unconnected' user: 'unauthenticated' host: 'bf1c9e42320c' (This connection closed normally without authentication)
2024-06-08 11:16:09 4 [Warning] Aborted connection 4 to db: 'unconnected' user: 'unauthenticated' host: 'bf1c9e42320c' (This connection closed normally without authentication)
2024-06-08 11:16:09 5 [Warning] Aborted connection 5 to db: 'unconnected' user: 'unauthenticated' host: 'bf1c9e42320c' (This connection closed normally without authentication)
2024-06-08 11:16:09 6 [Warning] Aborted connection 6 to db: 'unconnected' user: 'unauthenticated' host: 'bf1c9e42320c' (This connection closed normally without authentication)
2024-06-08 11:16:09 7 [Warning] Aborted connection 7 to db: 'unconnected' user: 'unauthenticated' host: 'bf1c9e42320c' (This connection closed normally without authentication)
2024-06-08 11:16:09 8 [Warning] Aborted connection 8 to db: 'unconnected' user: 'unauthenticated' host: 'bf1c9e42320c' (This connection closed normally without authentication)
2024-06-08 11:16:09 9 [Warning] Aborted connection 9 to db: 'unconnected' user: 'unauthenticated' host: 'bf1c9e42320c' (This connection closed normally without authentication)
2024-06-08 11:16:09 10 [Warning] Aborted connection 10 to db: 'unconnected' user: 'unauthenticated' host: 'bf1c9e42320c' (This connection closed normally without authentication)
2024-06-08 11:25:47 14 [Warning] Aborted connection 14 to db: 'unconnected' user: 'unauthenticated' host: 'bf1c9e42320c' (This connection closed normally without authentication)
2024-06-08 11:25:47 15 [Warning] Aborted connection 15 to db: 'unconnected' user: 'unauthenticated' host: 'bf1c9e42320c' (This connection closed normally without authentication)
2024-06-08 11:25:47 16 [Warning] Aborted connection 16 to db: 'unconnected' user: 'unauthenticated' host: 'bf1c9e42320c' (This connection closed normally without authentication)
2024-06-08 11:25:47 17 [Warning] Aborted connection 17 to db: 'unconnected' user: 'unauthenticated' host: 'bf1c9e42320c' (This connection closed normally without authentication)
2024-06-08 11:25:47 18 [Warning] Aborted connection 18 to db: 'unconnected' user: 'unauthenticated' host: 'bf1c9e42320c' (This connection closed normally without authentication)
2024-06-08 11:25:47 19 [Warning] Aborted connection 19 to db: 'unconnected' user: 'unauthenticated' host: 'bf1c9e42320c' (This connection closed normally without authentication)
2024-06-08 11:25:47 20 [Warning] Aborted connection 20 to db: 'unconnected' user: 'unauthenticated' host: 'bf1c9e42320c' (This connection closed normally without authentication)
2024-06-08 11:25:47 21 [Warning] Aborted connection 21 to db: 'unconnected' user: 'unauthenticated' host: 'bf1c9e42320c' (This connection closed normally without authentication)
2024-06-08 11:26:03 24 [Warning] Aborted connection 24 to db: 'unconnected' user: 'unauthenticated' host: 'bf1c9e42320c' (This connection closed normally without authentication)
2024-06-08 11:26:03 25 [Warning] Aborted connection 25 to db: 'unconnected' user: 'unauthenticated' host: 'bf1c9e42320c' (This connection closed normally without authentication)
2024-06-08 11:26:03 26 [Warning] Aborted connection 26 to db: 'unconnected' user: 'unauthenticated' host: 'bf1c9e42320c' (This connection closed normally without authentication)
2024-06-08 11:26:03 27 [Warning] Aborted connection 27 to db: 'unconnected' user: 'unauthenticated' host: 'bf1c9e42320c' (This connection closed normally without authentication)
2024-06-08 11:26:03 28 [Warning] Aborted connection 28 to db: 'unconnected' user: 'unauthenticated' host: 'bf1c9e42320c' (This connection closed normally without authentication)
2024-06-08 11:26:03 29 [Warning] Aborted connection 29 to db: 'unconnected' user: 'unauthenticated' host: 'bf1c9e42320c' (This connection closed normally without authentication)
2024-06-08 11:26:03 30 [Warning] Aborted connection 30 to db: 'unconnected' user: 'unauthenticated' host: 'bf1c9e42320c' (This connection closed normally without authentication)
2024-06-08 11:26:03 31 [Warning] Aborted connection 31 to db: 'unconnected' user: 'unauthenticated' host: 'bf1c9e42320c' (This connection closed normally without authentication)
2024-06-08 11:26:25 34 [Warning] Aborted connection 34 to db: 'unconnected' user: 'unauthenticated' host: 'bf1c9e42320c' (This connection closed normally without authentication)
2024-06-08 11:26:25 35 [Warning] Aborted connection 35 to db: 'unconnected' user: 'unauthenticated' host: 'bf1c9e42320c' (This connection closed normally without authentication)
2024-06-08 11:26:25 36 [Warning] Aborted connection 36 to db: 'unconnected' user: 'unauthenticated' host: 'bf1c9e42320c' (This connection closed normally without authentication)
2024-06-08 11:26:25 37 [Warning] Aborted connection 37 to db: 'unconnected' user: 'unauthenticated' host: 'bf1c9e42320c' (This connection closed normally without authentication)
2024-06-08 11:26:25 38 [Warning] Aborted connection 38 to db: 'unconnected' user: 'unauthenticated' host: 'bf1c9e42320c' (This connection closed normally without authentication)
2024-06-08 11:26:25 39 [Warning] Aborted connection 39 to db: 'unconnected' user: 'unauthenticated' host: 'bf1c9e42320c' (This connection closed normally without authentication)
2024-06-08 11:26:25 40 [Warning] Aborted connection 40 to db: 'unconnected' user: 'unauthenticated' host: 'bf1c9e42320c' (This connection closed normally without authentication)
2024-06-08 11:26:25 41 [Warning] Aborted connection 41 to db: 'unconnected' user: 'unauthenticated' host: 'bf1c9e42320c' (This connection closed normally without authentication)
2024-06-08 11:26:41 44 [Warning] Aborted connection 44 to db: 'unconnected' user: 'unauthenticated' host: 'bf1c9e42320c' (This connection closed normally without authentication)
2024-06-08 11:26:41 45 [Warning] Aborted connection 45 to db: 'unconnected' user: 'unauthenticated' host: 'bf1c9e42320c' (This connection closed normally without authentication)
2024-06-08 11:26:41 46 [Warning] Aborted connection 46 to db: 'unconnected' user: 'unauthenticated' host: 'bf1c9e42320c' (This connection closed normally without authentication)
2024-06-08 11:26:41 47 [Warning] Aborted connection 47 to db: 'unconnected' user: 'unauthenticated' host: 'bf1c9e42320c' (This connection closed normally without authentication)
2024-06-08 11:26:41 48 [Warning] Aborted connection 48 to db: 'unconnected' user: 'unauthenticated' host: 'bf1c9e42320c' (This connection closed normally without authentication)
2024-06-08 11:26:41 49 [Warning] Aborted connection 49 to db: 'unconnected' user: 'unauthenticated' host: 'bf1c9e42320c' (This connection closed normally without authentication)
2024-06-08 11:26:41 50 [Warning] Aborted connection 50 to db: 'unconnected' user: 'unauthenticated' host: 'bf1c9e42320c' (This connection closed normally without authentication)
2024-06-08 11:26:41 51 [Warning] Aborted connection 51 to db: 'unconnected' user: 'unauthenticated' host: 'bf1c9e42320c' (This connection closed normally without authentication)
2024-06-08 11:27:17 53 [Warning] Aborted connection 53 to db: 'unconnected' user: 'unauthenticated' host: 'bf1c9e42320c' (This connection closed normally without authentication)
2024-06-08 11:27:17 54 [Warning] Aborted connection 54 to db: 'unconnected' user: 'unauthenticated' host: 'bf1c9e42320c' (This connection closed normally without authentication)
2024-06-08 11:27:17 55 [Warning] Aborted connection 55 to db: 'unconnected' user: 'unauthenticated' host: 'bf1c9e42320c' (This connection closed normally without authentication)
2024-06-08 11:27:17 56 [Warning] Aborted connection 56 to db: 'unconnected' user: 'unauthenticated' host: 'bf1c9e42320c' (This connection closed normally without authentication)
2024-06-08 11:27:17 57 [Warning] Aborted connection 57 to db: 'unconnected' user: 'unauthenticated' host: 'bf1c9e42320c' (This connection closed normally without authentication)
2024-06-08 11:27:17 58 [Warning] Aborted connection 58 to db: 'unconnected' user: 'unauthenticated' host: 'bf1c9e42320c' (This connection closed normally without authentication)
2024-06-08 11:27:17 59 [Warning] Aborted connection 59 to db: 'unconnected' user: 'unauthenticated' host: 'bf1c9e42320c' (This connection closed normally without authentication)
2024-06-08 11:27:17 60 [Warning] Aborted connection 60 to db: 'unconnected' user: 'unauthenticated' host: 'bf1c9e42320c' (This connection closed normally without authentication)
2024-06-08 11:27:37 62 [Warning] Aborted connection 62 to db: 'unconnected' user: 'unauthenticated' host: 'bf1c9e42320c' (This connection closed normally without authentication)
2024-06-08 11:27:37 63 [Warning] Aborted connection 63 to db: 'unconnected' user: 'unauthenticated' host: 'bf1c9e42320c' (This connection closed normally without authentication)
2024-06-08 11:27:37 64 [Warning] Aborted connection 64 to db: 'unconnected' user: 'unauthenticated' host: 'bf1c9e42320c' (This connection closed normally without authentication)
2024-06-08 11:27:37 65 [Warning] Aborted connection 65 to db: 'unconnected' user: 'unauthenticated' host: 'bf1c9e42320c' (This connection closed normally without authentication)
2024-06-08 11:27:37 66 [Warning] Aborted connection 66 to db: 'unconnected' user: 'unauthenticated' host: 'bf1c9e42320c' (This connection closed normally without authentication)
2024-06-08 11:27:37 67 [Warning] Aborted connection 67 to db: 'unconnected' user: 'unauthenticated' host: 'bf1c9e42320c' (This connection closed normally without authentication)
2024-06-08 11:27:37 68 [Warning] Aborted connection 68 to db: 'unconnected' user: 'unauthenticated' host: 'bf1c9e42320c' (This connection closed normally without authentication)
2024-06-08 11:27:37 69 [Warning] Aborted connection 69 to db: 'unconnected' user: 'unauthenticated' host: 'bf1c9e42320c' (This connection closed normally without authentication)
2024-06-08 11:42:10 81 [Warning] Aborted connection 81 to db: 'unconnected' user: 'unauthenticated' host: 'bf1c9e42320c' (This connection closed normally without authentication)
2024-06-08 11:42:10 82 [Warning] Aborted connection 82 to db: 'unconnected' user: 'unauthenticated' host: 'bf1c9e42320c' (This connection closed normally without authentication)
2024-06-08 11:42:10 83 [Warning] Aborted connection 83 to db: 'unconnected' user: 'unauthenticated' host: 'bf1c9e42320c' (This connection closed normally without authentication)
2024-06-08 11:42:10 84 [Warning] Aborted connection 84 to db: 'unconnected' user: 'unauthenticated' host: 'bf1c9e42320c' (This connection closed normally without authentication)
2024-06-08 11:42:10 85 [Warning] Aborted connection 85 to db: 'unconnected' user: 'unauthenticated' host: 'bf1c9e42320c' (This connection closed normally without authentication)
2024-06-08 11:42:10 86 [Warning] Aborted connection 86 to db: 'unconnected' user: 'unauthenticated' host: 'bf1c9e42320c' (This connection closed normally without authentication)
2024-06-08 11:42:10 87 [Warning] Aborted connection 87 to db: 'unconnected' user: 'unauthenticated' host: 'bf1c9e42320c' (This connection closed normally without authentication)
2024-06-08 11:42:10 88 [Warning] Aborted connection 88 to db: 'unconnected' user: 'unauthenticated' host: 'bf1c9e42320c' (This connection closed normally without authentication)
