240608 03:39:46 mysqld_safe Starting mariadbd daemon with databases from /home/runner/Open-Journal-Systems/mysql_data
2024-06-08  3:39:46 0 [Note] /nix/store/83vs3hbhf61w6azvp6jkllvsmhwhikxf-mariadb-server-10.6.10/bin/mariadbd (server 10.6.10-MariaDB) starting as process 252 ...
2024-06-08  3:39:46 0 [Warning] Could not increase number of max_open_files to more than 20971 (request: 32188)
2024-06-08  3:39:46 0 [Note] InnoDB: Compressed tables use zlib 1.2.13
2024-06-08  3:39:46 0 [Note] InnoDB: Number of pools: 1
2024-06-08  3:39:46 0 [Note] InnoDB: Using crc32 + pclmulqdq instructions
2024-06-08  3:39:46 0 [Note] InnoDB: Using liburing
2024-06-08  3:39:46 0 [Note] InnoDB: Initializing buffer pool, total size = 134217728, chunk size = 134217728
2024-06-08  3:39:46 0 [Note] InnoDB: Completed initialization of buffer pool
2024-06-08  3:39:46 0 [Note] InnoDB: Starting crash recovery from checkpoint LSN=1685671,1685671
2024-06-08  3:39:47 0 [Note] InnoDB: Starting final batch to recover 17 pages from redo log.
2024-06-08  3:39:47 0 [Note] InnoDB: 128 rollback segments are active.
2024-06-08  3:39:47 0 [Note] InnoDB: Removed temporary tablespace data file: "./ibtmp1"
2024-06-08  3:39:47 0 [Note] InnoDB: Creating shared tablespace for temporary tables
2024-06-08  3:39:47 0 [Note] InnoDB: Setting file './ibtmp1' size to 12 MB. Physically writing the file full; Please wait ...
2024-06-08  3:39:47 0 [Note] InnoDB: File './ibtmp1' size is now 12 MB.
2024-06-08  3:39:47 0 [Note] InnoDB: 10.6.10 started; log sequence number 1889898; transaction id 3522
2024-06-08  3:39:47 0 [Note] InnoDB: Loading buffer pool(s) from /home/runner/Open-Journal-Systems/mysql_data/ib_buffer_pool
2024-06-08  3:39:47 0 [Note] Plugin 'FEEDBACK' is disabled.
2024-06-08  3:39:47 0 [Note] Server socket created on IP: '0.0.0.0'.
2024-06-08  3:39:47 0 [Note] Server socket created on IP: '::'.
2024-06-08  3:39:47 0 [Note] /nix/store/83vs3hbhf61w6azvp6jkllvsmhwhikxf-mariadb-server-10.6.10/bin/mariadbd: ready for connections.
Version: '10.6.10-MariaDB'  socket: '/home/runner/Open-Journal-Systems/mysql_data/mysqld.sock'  port: 3306  MariaDB Server
2024-06-08  3:39:47 0 [Note] InnoDB: Buffer pool(s) load completed at 240608  3:39:47
2024-06-08  3:39:48 3 [Warning] Aborted connection 3 to db: 'unconnected' user: 'unauthenticated' host: 'e1ecee19a54e' (This connection closed normally without authentication)
2024-06-08  3:39:48 4 [Warning] Aborted connection 4 to db: 'unconnected' user: 'unauthenticated' host: 'e1ecee19a54e' (This connection closed normally without authentication)
2024-06-08  3:39:48 5 [Warning] Aborted connection 5 to db: 'unconnected' user: 'unauthenticated' host: 'e1ecee19a54e' (This connection closed normally without authentication)
2024-06-08  3:39:48 6 [Warning] Aborted connection 6 to db: 'unconnected' user: 'unauthenticated' host: 'e1ecee19a54e' (This connection closed normally without authentication)
2024-06-08  3:39:48 7 [Warning] Aborted connection 7 to db: 'unconnected' user: 'unauthenticated' host: 'e1ecee19a54e' (This connection closed normally without authentication)
2024-06-08  3:39:48 8 [Warning] Aborted connection 8 to db: 'unconnected' user: 'unauthenticated' host: 'e1ecee19a54e' (This connection closed normally without authentication)
2024-06-08  3:39:48 9 [Warning] Aborted connection 9 to db: 'unconnected' user: 'unauthenticated' host: 'e1ecee19a54e' (This connection closed normally without authentication)
2024-06-08  3:39:48 10 [Warning] Aborted connection 10 to db: 'unconnected' user: 'unauthenticated' host: 'e1ecee19a54e' (This connection closed normally without authentication)
2024-06-08  3:40:20 11 [Warning] Aborted connection 11 to db: 'unconnected' user: 'unauthenticated' host: 'e1ecee19a54e' (This connection closed normally without authentication)
2024-06-08  3:40:20 12 [Warning] Aborted connection 12 to db: 'unconnected' user: 'unauthenticated' host: 'e1ecee19a54e' (This connection closed normally without authentication)
2024-06-08  3:40:20 13 [Warning] Aborted connection 13 to db: 'unconnected' user: 'unauthenticated' host: 'e1ecee19a54e' (This connection closed normally without authentication)
2024-06-08  3:40:20 14 [Warning] Aborted connection 14 to db: 'unconnected' user: 'unauthenticated' host: 'e1ecee19a54e' (This connection closed normally without authentication)
2024-06-08  3:40:20 15 [Warning] Aborted connection 15 to db: 'unconnected' user: 'unauthenticated' host: 'e1ecee19a54e' (This connection closed normally without authentication)
2024-06-08  3:40:20 16 [Warning] Aborted connection 16 to db: 'unconnected' user: 'unauthenticated' host: 'e1ecee19a54e' (This connection closed normally without authentication)
2024-06-08  3:40:20 17 [Warning] Aborted connection 17 to db: 'unconnected' user: 'unauthenticated' host: 'e1ecee19a54e' (This connection closed normally without authentication)
2024-06-08  3:40:20 18 [Warning] Aborted connection 18 to db: 'unconnected' user: 'unauthenticated' host: 'e1ecee19a54e' (This connection closed normally without authentication)
2024-06-08  3:40:21 19 [Warning] Aborted connection 19 to db: 'unconnected' user: 'unauthenticated' host: 'e1ecee19a54e' (This connection closed normally without authentication)
2024-06-08  3:40:21 20 [Warning] Aborted connection 20 to db: 'unconnected' user: 'unauthenticated' host: 'e1ecee19a54e' (This connection closed normally without authentication)
2024-06-08  3:40:21 21 [Warning] Aborted connection 21 to db: 'unconnected' user: 'unauthenticated' host: 'e1ecee19a54e' (This connection closed normally without authentication)
2024-06-08  3:40:21 22 [Warning] Aborted connection 22 to db: 'unconnected' user: 'unauthenticated' host: 'e1ecee19a54e' (This connection closed normally without authentication)
2024-06-08  3:40:21 23 [Warning] Aborted connection 23 to db: 'unconnected' user: 'unauthenticated' host: 'e1ecee19a54e' (This connection closed normally without authentication)
2024-06-08  3:40:21 24 [Warning] Aborted connection 24 to db: 'unconnected' user: 'unauthenticated' host: 'e1ecee19a54e' (This connection closed normally without authentication)
2024-06-08  3:40:21 25 [Warning] Aborted connection 25 to db: 'unconnected' user: 'unauthenticated' host: 'e1ecee19a54e' (This connection closed normally without authentication)
2024-06-08  3:40:21 26 [Warning] Aborted connection 26 to db: 'unconnected' user: 'unauthenticated' host: 'e1ecee19a54e' (This connection closed normally without authentication)
240608 03:40:27 mysqld_safe A mysqld process already exists
2024-06-08  3:40:47 27 [Warning] Aborted connection 27 to db: 'unconnected' user: 'unauthenticated' host: 'e1ecee19a54e' (This connection closed normally without authentication)
2024-06-08  3:40:47 28 [Warning] Aborted connection 28 to db: 'unconnected' user: 'unauthenticated' host: 'e1ecee19a54e' (This connection closed normally without authentication)
2024-06-08  3:40:47 29 [Warning] Aborted connection 29 to db: 'unconnected' user: 'unauthenticated' host: 'e1ecee19a54e' (This connection closed normally without authentication)
2024-06-08  3:40:47 30 [Warning] Aborted connection 30 to db: 'unconnected' user: 'unauthenticated' host: 'e1ecee19a54e' (This connection closed normally without authentication)
2024-06-08  3:40:48 31 [Warning] Aborted connection 31 to db: 'unconnected' user: 'unauthenticated' host: 'e1ecee19a54e' (This connection closed normally without authentication)
2024-06-08  3:40:48 32 [Warning] Aborted connection 32 to db: 'unconnected' user: 'unauthenticated' host: 'e1ecee19a54e' (This connection closed normally without authentication)
2024-06-08  3:40:48 33 [Warning] Aborted connection 33 to db: 'unconnected' user: 'unauthenticated' host: 'e1ecee19a54e' (This connection closed normally without authentication)
2024-06-08  3:40:48 34 [Warning] Aborted connection 34 to db: 'unconnected' user: 'unauthenticated' host: 'e1ecee19a54e' (This connection closed normally without authentication)
2024-06-08  3:41:20 35 [Warning] Aborted connection 35 to db: 'unconnected' user: 'unauthenticated' host: 'e1ecee19a54e' (This connection closed normally without authentication)
2024-06-08  3:41:20 36 [Warning] Aborted connection 36 to db: 'unconnected' user: 'unauthenticated' host: 'e1ecee19a54e' (This connection closed normally without authentication)
2024-06-08  3:41:20 37 [Warning] Aborted connection 37 to db: 'unconnected' user: 'unauthenticated' host: 'e1ecee19a54e' (This connection closed normally without authentication)
2024-06-08  3:41:20 38 [Warning] Aborted connection 38 to db: 'unconnected' user: 'unauthenticated' host: 'e1ecee19a54e' (This connection closed normally without authentication)
2024-06-08  3:42:20 39 [Warning] Aborted connection 39 to db: 'unconnected' user: 'unauthenticated' host: 'e1ecee19a54e' (This connection closed normally without authentication)
2024-06-08  3:42:20 40 [Warning] Aborted connection 40 to db: 'unconnected' user: 'unauthenticated' host: 'e1ecee19a54e' (This connection closed normally without authentication)
2024-06-08  3:42:20 41 [Warning] Aborted connection 41 to db: 'unconnected' user: 'unauthenticated' host: 'e1ecee19a54e' (This connection closed normally without authentication)
2024-06-08  3:42:20 42 [Warning] Aborted connection 42 to db: 'unconnected' user: 'unauthenticated' host: 'e1ecee19a54e' (This connection closed normally without authentication)
240608 03:42:54 mysqld_safe A mysqld process already exists
2024-06-08  3:43:00 43 [Warning] Aborted connection 43 to db: 'unconnected' user: 'unauthenticated' host: 'e1ecee19a54e' (This connection closed normally without authentication)
2024-06-08  3:43:00 44 [Warning] Aborted connection 44 to db: 'unconnected' user: 'unauthenticated' host: 'e1ecee19a54e' (This connection closed normally without authentication)
2024-06-08  3:43:00 45 [Warning] Aborted connection 45 to db: 'unconnected' user: 'unauthenticated' host: 'e1ecee19a54e' (This connection closed normally without authentication)
2024-06-08  3:43:00 46 [Warning] Aborted connection 46 to db: 'unconnected' user: 'unauthenticated' host: 'e1ecee19a54e' (This connection closed normally without authentication)
2024-06-08  3:43:01 47 [Warning] Aborted connection 47 to db: 'unconnected' user: 'unauthenticated' host: 'e1ecee19a54e' (This connection closed normally without authentication)
2024-06-08  3:43:01 48 [Warning] Aborted connection 48 to db: 'unconnected' user: 'unauthenticated' host: 'e1ecee19a54e' (This connection closed normally without authentication)
2024-06-08  3:43:01 49 [Warning] Aborted connection 49 to db: 'unconnected' user: 'unauthenticated' host: 'e1ecee19a54e' (This connection closed normally without authentication)
2024-06-08  3:43:01 50 [Warning] Aborted connection 50 to db: 'unconnected' user: 'unauthenticated' host: 'e1ecee19a54e' (This connection closed normally without authentication)
