240608 11:42:59 mysqld_safe Starting mariadbd daemon with databases from /home/runner/Open-Journal-Systems/mysql_data
2024-06-08 11:42:59 0 [Note] Using unique option prefix 'group' is error-prone and can break in the future. Please use the full name 'group_concat_max_len' instead.
Unknown suffix 'r' used for variable 'group_concat_max_len' (value 'runner')
2024-06-08 11:42:59 0 [Warning] option 'group_concat_max_len': unsigned value 0 adjusted to 4
2024-06-08 11:42:59 0 [ERROR] /home/runner/.nix-profile/bin/mariadbd: Error while setting value 'runner' to 'group_concat_max_len'
240608 11:42:59 mysqld_safe mysqld from pid file /home/runner/Open-Journal-Systems/mysql_data/eff19a921959.pid ended
240608 11:43:57 mysqld_safe Starting mariadbd daemon with databases from /home/runner/Open-Journal-Systems/mysql_data
2024-06-08 11:43:57 0 [Note] Using unique option prefix 'group' is error-prone and can break in the future. Please use the full name 'group_concat_max_len' instead.
Unknown suffix 'r' used for variable 'group_concat_max_len' (value 'runner')
2024-06-08 11:43:57 0 [Warning] option 'group_concat_max_len': unsigned value 0 adjusted to 4
2024-06-08 11:43:57 0 [ERROR] /home/runner/.nix-profile/bin/mariadbd: Error while setting value 'runner' to 'group_concat_max_len'
240608 11:43:57 mysqld_safe mysqld from pid file /home/runner/Open-Journal-Systems/mysql_data/eff19a921959.pid ended
240608 11:44:27 mysqld_safe Starting mariadbd daemon with databases from ./mysql_data
2024-06-08 11:44:27 0 [Note] /home/runner/.nix-profile/bin/mariadbd (mysqld 10.5.11-MariaDB) starting as process 1040 ...
2024-06-08 11:44:27 0 [Warning] Could not increase number of max_open_files to more than 20971 (request: 32188)
/home/runner/.nix-profile/bin/mariadbd: Can't create file './mysql_data/eff19a921959.err' (errno: 2 "No such file or directory")
2024-06-08 11:44:27 0 [Note] InnoDB: Uses event mutexes
2024-06-08 11:44:27 0 [Note] InnoDB: Compressed tables use zlib 1.2.11
2024-06-08 11:44:27 0 [Note] InnoDB: Number of pools: 1
2024-06-08 11:44:27 0 [Note] InnoDB: Using crc32 + pclmulqdq instructions
2024-06-08 11:44:27 0 [Note] mariadbd: O_TMPFILE is not supported on /tmp (disabling future attempts)
2024-06-08 11:44:27 0 [Note] InnoDB: Using Linux native AIO
2024-06-08 11:44:27 0 [Note] InnoDB: Initializing buffer pool, total size = 134217728, chunk size = 134217728
2024-06-08 11:44:27 0 [Note] InnoDB: Completed initialization of buffer pool
2024-06-08 11:44:27 0 [Note] InnoDB: Starting crash recovery from checkpoint LSN=1685671,1685671
2024-06-08 11:44:27 0 [Note] InnoDB: Starting final batch to recover 74 pages from redo log.
2024-06-08 11:44:28 0 [Note] InnoDB: 128 rollback segments are active.
2024-06-08 11:44:28 0 [Note] InnoDB: Creating tablespace and datafile system tables.
2024-06-08 11:44:28 0 [Note] InnoDB: Removed temporary tablespace data file: "ibtmp1"
2024-06-08 11:44:28 0 [Note] InnoDB: Creating shared tablespace for temporary tables
2024-06-08 11:44:28 0 [Note] InnoDB: Setting file './ibtmp1' size to 12 MB. Physically writing the file full; Please wait ...
2024-06-08 11:44:28 0 [Note] InnoDB: File './ibtmp1' size is now 12 MB.
2024-06-08 11:44:28 0 [Note] InnoDB: 10.5.11 started; log sequence number 2483883; transaction id 7568
2024-06-08 11:44:28 0 [Note] InnoDB: Loading buffer pool(s) from /home/runner/Open-Journal-Systems/mysql_data/ib_buffer_pool
2024-06-08 11:44:28 0 [Note] Plugin 'FEEDBACK' is disabled.
2024-06-08 11:44:28 0 [Note] Server socket created on IP: '::'.
2024-06-08 11:44:28 0 [ERROR] Incorrect definition of table mysql.event: expected column 'definer' at position 3 to have type char(, found type varchar(384).
2024-06-08 11:44:28 0 [ERROR] mariadbd: Event Scheduler: An error occurred when initializing system tables. Disabling the Event Scheduler.
2024-06-08 11:44:28 0 [Note] Reading of all Master_info entries succeeded
2024-06-08 11:44:28 0 [Note] Added new Master_info '' to hash table
2024-06-08 11:44:28 0 [Note] /home/runner/.nix-profile/bin/mariadbd: ready for connections.
Version: '10.5.11-MariaDB'  socket: '/run/mysqld/mysqld.sock'  port: 3306  MariaDB Server
2024-06-08 11:44:29 0 [Note] InnoDB: Buffer pool(s) load completed at 240608 11:44:29
2024-06-08 11:46:00 11 [Warning] Aborted connection 11 to db: 'unconnected' user: 'unauthenticated' host: 'eff19a921959' (This connection closed normally without authentication)
2024-06-08 11:46:00 12 [Warning] Aborted connection 12 to db: 'unconnected' user: 'unauthenticated' host: 'eff19a921959' (This connection closed normally without authentication)
2024-06-08 11:46:00 13 [Warning] Aborted connection 13 to db: 'unconnected' user: 'unauthenticated' host: 'eff19a921959' (This connection closed normally without authentication)
2024-06-08 11:46:00 14 [Warning] Aborted connection 14 to db: 'unconnected' user: 'unauthenticated' host: 'eff19a921959' (This connection closed normally without authentication)
2024-06-08 11:46:00 15 [Warning] Aborted connection 15 to db: 'unconnected' user: 'unauthenticated' host: 'eff19a921959' (This connection closed normally without authentication)
2024-06-08 11:46:00 16 [Warning] Aborted connection 16 to db: 'unconnected' user: 'unauthenticated' host: 'eff19a921959' (This connection closed normally without authentication)
2024-06-08 11:46:00 17 [Warning] Aborted connection 17 to db: 'unconnected' user: 'unauthenticated' host: 'eff19a921959' (This connection closed normally without authentication)
2024-06-08 11:46:00 18 [Warning] Aborted connection 18 to db: 'unconnected' user: 'unauthenticated' host: '